<?xml version="1.0" encoding="UTF-8"?>
<testsuite xmlns:xsi="http://www.w3.org/2001/XMLSchema-instance" xsi:noNamespaceSchemaLocation="https://maven.apache.org/surefire/maven-surefire-plugin/xsd/surefire-test-report.xsd" name="quiz.TestQuiz" time="0.119" tests="3" errors="0" skipped="0" failures="0">
  <properties>
[...]
</properties>
  <testcase name="testGetNumberCorrect" classname="quiz.TestQuiz" time="0.01"/>
  <testcase name="testIsCorrect" classname="quiz.TestQuiz" time="0.007"/>
  <testcase name="testGetNumberQuestions" classname="quiz.TestQuiz" time="0"/>
</testsuite>